<?xml version="1.0" encoding="UTF-8"?>
<!-- Generated by org.testng.reporters.JUnitReportReporter -->
<testsuite skipped="0" hostname="dluvtyag268797" name="com.Sakiv.TestCases.AddCustomerTest" tests="1" failures="0" timestamp="28 Sep 2017 09:54:51 GMT" time="0.705" errors="0">
  <testcase name="addCustomer" time="0.705" classname="com.Sakiv.TestCases.AddCustomerTest"/>
</testsuite> <!-- com.Sakiv.TestCases.AddCustomerTest -->
