<?xml version="1.0" encoding="UTF-8"?>
<!-- Generated by org.testng.reporters.JUnitReportReporter -->
<testsuite skipped="0" hostname="dluvtyag268797" name="com.Sakiv.TestCases.BankManagerLoginTest" tests="1" failures="0" timestamp="28 Sep 2017 09:54:51 GMT" time="1.193" errors="0">
  <testcase name="LoginAsBankManager" time="1.193" classname="com.Sakiv.TestCases.BankManagerLoginTest"/>
</testsuite> <!-- com.Sakiv.TestCases.BankManagerLoginTest -->
