<?xml version="1.0" encoding="UTF-8"?>
<!-- Generated by org.testng.reporters.JUnitReportReporter -->
<testsuite skipped="0" hostname="dluvtyag268797" name="com.Sakiv.TestCases.LoginTest" tests="1" failures="0" timestamp="25 Sep 2017 18:51:51 GMT" time="1.360" errors="0">
  <testcase name="LoginAsBankManager" time="1.360" classname="com.Sakiv.TestCases.LoginTest"/>
</testsuite> <!-- com.Sakiv.TestCases.LoginTest -->
