<?xml version="1.0" encoding="UTF-8"?>
<!-- Generated by org.testng.reporters.JUnitReportReporter -->
<testsuite skipped="0" hostname="dluvtyag268797" name="com.Sakiv.TestCases.AddCustomerTest" tests="1" failures="0" timestamp="30 Sep 2017 05:04:05 GMT" time="0.671" errors="0">
  <testcase name="addCustomer" time="0.671" classname="com.Sakiv.TestCases.AddCustomerTest"/>
</testsuite> <!-- com.Sakiv.TestCases.AddCustomerTest -->
