<?xml version="1.0" encoding="UTF-8"?>
<!-- Generated by org.testng.reporters.JUnitReportReporter -->
<testsuite skipped="0" hostname="dluvtyag268797" name="com.Sakiv.TestCases.BankManagerLoginTest" tests="1" failures="0" timestamp="30 Sep 2017 05:04:05 GMT" time="1.450" errors="0">
  <testcase name="LoginAsBankManager" time="1.450" classname="com.Sakiv.TestCases.BankManagerLoginTest"/>
</testsuite> <!-- com.Sakiv.TestCases.BankManagerLoginTest -->
